<?xml version="1.0" encoding="UTF-8"?>
<!-- Generated by org.testng.reporters.JUnitXMLReporter -->
<testsuite ignored="0" hostname="JUNAID-LTP" failures="0" tests="3" name="Default test" time="235.174" errors="0" timestamp="2023-01-02T17:36:02 PKT">
  <testcase classname="com.neracloud.testcases.VerifyUserCreation" name="TC001_VerifyInquiryCreationOfTypePermanent" time="76.141"/>
  <testcase classname="com.neracloud.testcases.VerifyUserCreation" name="TC002_VerifyAddRepresentativeIntoAlreadyCreatedInquiry" time="56.43"/>
  <testcase classname="com.neracloud.testcases.VerifyUserCreation" name="TC003_VerifyDeleteInquiryAfterCreation" time="15.719"/>
</testsuite> <!-- Default test -->
