<?xml version="1.0" encoding="UTF-8"?>
<!-- Generated by org.testng.reporters.JUnitXMLReporter -->
<testsuite ignored="0" hostname="JUNAID-LTP" failures="0" tests="5" name="Default test" time="232.576" errors="0" timestamp="2023-01-06T11:17:09 PKT">
  <testcase classname="com.neracloud.testcases.VerifyUserCreation" name="TC001_VerifyInquiryCreationOfTypePermanent" time="53.552"/>
  <testcase classname="com.neracloud.testcases.VerifyUserCreation" name="TC002_VerifyAddRepresentativeIntoAlreadyCreatedInquiry" time="39.184"/>
  <testcase classname="com.neracloud.testcases.VerifyUserCreation" name="TC003_VerifyResidentialDetailsFirstNameMiddleNameAndLastNameFromStep1" time="20.691"/>
  <testcase classname="com.neracloud.testcases.VerifyUserCreation" name="TC004_VerifyResidentialDetailsMaritalStatusPrefLanguageAndReligionFromStep1" time="20.465"/>
  <testcase classname="com.neracloud.testcases.VerifyUserCreation" name="TC005_VerifyDeleteInquiryAfterCreation" time="8.397"/>
</testsuite> <!-- Default test -->
