<?xml version="1.0" encoding="UTF-8"?>
<!-- Generated by org.testng.reporters.JUnitXMLReporter -->
<testsuite ignored="0" hostname="JUNAID-LTP" failures="0" tests="4" name="NeRa Agreement" time="404.511" errors="0" timestamp="2023-01-05T10:37:18 PKT">
  <testcase classname="com.neracloud.testcases.VerifyAgreement" name="TC001_VerifyPermanentAgreementSections" time="106.279"/>
  <testcase classname="com.neracloud.testcases.VerifyAgreement" name="TC002_VerifyPermanentExtraAgreementSections" time="100.0"/>
  <testcase classname="com.neracloud.testcases.VerifyAgreement" name="TC003_VerifyRespiteAgreementSections" time="99.133"/>
  <testcase classname="com.neracloud.testcases.VerifyAgreement" name="TC004_VerifyRespiteExtraAgreementSections" time="99.067"/>
</testsuite> <!-- NeRa Agreement -->
