<?xml version="1.0" encoding="UTF-8"?>
<!-- Generated by org.testng.reporters.JUnitXMLReporter -->
<testsuite ignored="1" hostname="JUNAID-LTP" failures="0" tests="4" name="User Creation" time="205.376" errors="0" timestamp="2023-01-05T10:40:43 PKT">
  <testcase classname="com.neracloud.testcases.VerifyUserCreation" name="TC001_VerifyInquiryCreationOfTypePermanent" time="47.547"/>
  <testcase classname="com.neracloud.testcases.VerifyUserCreation" name="TC002_VerifyAddRepresentativeIntoAlreadyCreatedInquiry" time="37.591"/>
  <testcase classname="com.neracloud.testcases.VerifyUserCreation" name="TC003_VerifyResidentialDetailsFirstNameMiddleNameAndLastNameFromStep1" time="22.689"/>
  <testcase classname="com.neracloud.testcases.VerifyUserCreation" name="TC004_VerifyResidentialDetailsMaritalStatusPrefLanguageAndReligionFromStep1" time="19.436"/>
  <testcase classname="com.neracloud.testcases.VerifyUserCreation" name="TC005_VerifyDeleteInquiryAfterCreation" time="0.0">
    <ignored/>
  </testcase> <!-- TC005_VerifyDeleteInquiryAfterCreation -->
</testsuite> <!-- User Creation -->
