<?xml version="1.0" encoding="UTF-8"?>
<testsuite name="Default test"
           tests="2"
           failures="0"
           errors="0"
           skipped="0"
           time="180.602">
    <properties></properties>



            <testcase
                name="TC001_VerifyPermanentAgreementSections"
                time="91.810"
                classname="com.neracloud.testcases.VerifyDocument">
            </testcase>
            <testcase
                name="TC002_VerifyPermanentExtraAgreementSections"
                time="88.792"
                classname="com.neracloud.testcases.VerifyDocument">
            </testcase>
</testsuite>
