<?xml version="1.0" encoding="UTF-8"?>
<testsuite name="Default test"
           tests="4"
           failures="0"
           errors="0"
           skipped="0"
           time="499.465">
    <properties></properties>



            <testcase
                name="TC004_VerifyRespiteExtraAgreementSections"
                time="121.399"
                classname="com.neracloud.testcases.VerifyDocument">
            </testcase>
            <testcase
                name="TC001_VerifyPermanentAgreementSections"
                time="125.431"
                classname="com.neracloud.testcases.VerifyDocument">
            </testcase>
            <testcase
                name="TC003_VerifyRespiteAgreementSections"
                time="122.489"
                classname="com.neracloud.testcases.VerifyDocument">
            </testcase>
            <testcase
                name="TC002_VerifyPermanentExtraAgreementSections"
                time="130.146"
                classname="com.neracloud.testcases.VerifyDocument">
            </testcase>
</testsuite>
