<?xml version="1.0" encoding="UTF-8"?>
<testng-results ignored="0" total="3" passed="3" failed="0" skipped="0">
  <reporter-output>
  </reporter-output>
  <suite started-at="2023-01-02T17:32:07 PKT" name="Default suite" finished-at="2023-01-02T17:36:02 PKT" duration-ms="235174">
    <groups>
    </groups>
    <test started-at="2023-01-02T17:32:07 PKT" name="Default test" finished-at="2023-01-02T17:36:02 PKT" duration-ms="235174">
      <class name="com.neracloud.testcases.VerifyUserCreation">
        <test-method is-config="true" signature="setup()[pri:0, instance:com.neracloud.testcases.VerifyUserCreation@5e0e82ae]" started-at="2023-01-02T17:32:07 PKT" name="setup" finished-at="2023-01-02T17:32:37 PKT" duration-ms="30012" status="PASS">
          <reporter-output>
          </reporter-output>
        </test-method> <!-- setup -->
        <test-method signature="TC001_VerifyInquiryCreationOfTypePermanent()[pri:0, instance:com.neracloud.testcases.VerifyUserCreation@5e0e82ae]" started-at="2023-01-02T17:32:37 PKT" name="TC001_VerifyInquiryCreationOfTypePermanent" finished-at="2023-01-02T17:33:53 PKT" duration-ms="76141" status="PASS">
          <reporter-output>
          </reporter-output>
        </test-method> <!-- TC001_VerifyInquiryCreationOfTypePermanent -->
        <test-method is-config="true" signature="tearDown(org.testng.ITestResult)[pri:0, instance:com.neracloud.testcases.VerifyUserCreation@5e0e82ae]" started-at="2023-01-02T17:33:53 PKT" name="tearDown" finished-at="2023-01-02T17:33:53 PKT" duration-ms="326" status="PASS">
          <params>
            <param index="0">
              <value>
                <![CDATA[[TestResult name=TC001_VerifyInquiryCreationOfTypePermanent status=SUCCESS method=VerifyUserCreation.TC001_VerifyInquiryCreationOfTypePermanent()[pri:0, instance:com.neracloud.testcases.VerifyUserCreation@5e0e82ae] output={null}]]]>
              </value>
            </param>
          </params>
          <reporter-output>
          </reporter-output>
        </test-method> <!-- tearDown -->
        <test-method is-config="true" signature="setup()[pri:0, instance:com.neracloud.testcases.VerifyUserCreation@5e0e82ae]" started-at="2023-01-02T17:33:53 PKT" name="setup" finished-at="2023-01-02T17:34:22 PKT" duration-ms="28822" status="PASS">
          <reporter-output>
          </reporter-output>
        </test-method> <!-- setup -->
        <test-method signature="TC002_VerifyAddRepresentativeIntoAlreadyCreatedInquiry()[pri:1, instance:com.neracloud.testcases.VerifyUserCreation@5e0e82ae]" started-at="2023-01-02T17:34:22 PKT" name="TC002_VerifyAddRepresentativeIntoAlreadyCreatedInquiry" finished-at="2023-01-02T17:35:19 PKT" duration-ms="56430" status="PASS">
          <reporter-output>
          </reporter-output>
        </test-method> <!-- TC002_VerifyAddRepresentativeIntoAlreadyCreatedInquiry -->
        <test-method is-config="true" signature="tearDown(org.testng.ITestResult)[pri:0, instance:com.neracloud.testcases.VerifyUserCreation@5e0e82ae]" started-at="2023-01-02T17:35:19 PKT" name="tearDown" finished-at="2023-01-02T17:35:19 PKT" duration-ms="132" status="PASS">
          <params>
            <param index="0">
              <value>
                <![CDATA[[TestResult name=TC002_VerifyAddRepresentativeIntoAlreadyCreatedInquiry status=SUCCESS method=VerifyUserCreation.TC002_VerifyAddRepresentativeIntoAlreadyCreatedInquiry()[pri:1, instance:com.neracloud.testcases.VerifyUserCreation@5e0e82ae] output={null}]]]>
              </value>
            </param>
          </params>
          <reporter-output>
          </reporter-output>
        </test-method> <!-- tearDown -->
        <test-method is-config="true" signature="setup()[pri:0, instance:com.neracloud.testcases.VerifyUserCreation@5e0e82ae]" started-at="2023-01-02T17:35:19 PKT" name="setup" finished-at="2023-01-02T17:35:46 PKT" duration-ms="27420" status="PASS">
          <reporter-output>
          </reporter-output>
        </test-method> <!-- setup -->
        <test-method signature="TC003_VerifyDeleteInquiryAfterCreation()[pri:2, instance:com.neracloud.testcases.VerifyUserCreation@5e0e82ae]" started-at="2023-01-02T17:35:46 PKT" name="TC003_VerifyDeleteInquiryAfterCreation" finished-at="2023-01-02T17:36:02 PKT" duration-ms="15719" status="PASS">
          <reporter-output>
          </reporter-output>
        </test-method> <!-- TC003_VerifyDeleteInquiryAfterCreation -->
        <test-method is-config="true" signature="tearDown(org.testng.ITestResult)[pri:0, instance:com.neracloud.testcases.VerifyUserCreation@5e0e82ae]" started-at="2023-01-02T17:36:02 PKT" name="tearDown" finished-at="2023-01-02T17:36:02 PKT" duration-ms="112" status="PASS">
          <params>
            <param index="0">
              <value>
                <![CDATA[[TestResult name=TC003_VerifyDeleteInquiryAfterCreation status=SUCCESS method=VerifyUserCreation.TC003_VerifyDeleteInquiryAfterCreation()[pri:2, instance:com.neracloud.testcases.VerifyUserCreation@5e0e82ae] output={null}]]]>
              </value>
            </param>
          </params>
          <reporter-output>
          </reporter-output>
        </test-method> <!-- tearDown -->
        <test-method is-config="true" signature="endOfSuite()[pri:0, instance:com.neracloud.testcases.VerifyUserCreation@5e0e82ae]" started-at="2023-01-02T17:36:02 PKT" name="endOfSuite" finished-at="2023-01-02T17:36:03 PKT" duration-ms="353" status="PASS">
          <reporter-output>
          </reporter-output>
        </test-method> <!-- endOfSuite -->
      </class> <!-- com.neracloud.testcases.VerifyUserCreation -->
    </test> <!-- Default test -->
  </suite> <!-- Default suite -->
</testng-results>
