<?xml version="1.0" encoding="UTF-8"?>
<testng-results ignored="0" total="5" passed="5" failed="0" skipped="0">
  <reporter-output>
  </reporter-output>
  <suite started-at="2023-01-05T13:56:51 PKT" name="Default suite" finished-at="2023-01-05T14:00:45 PKT" duration-ms="234242">
    <groups>
    </groups>
    <test started-at="2023-01-05T13:56:51 PKT" name="Default test" finished-at="2023-01-05T14:00:45 PKT" duration-ms="234242">
      <class name="com.neracloud.testcases.VerifyUserCreation">
        <test-method is-config="true" signature="setup()[pri:0, instance:com.neracloud.testcases.VerifyUserCreation@3972a855]" started-at="2023-01-05T13:56:51 PKT" name="setup" finished-at="2023-01-05T13:57:09 PKT" duration-ms="17556" status="PASS">
          <reporter-output>
          </reporter-output>
        </test-method> <!-- setup -->
        <test-method signature="TC001_VerifyInquiryCreationOfTypePermanent()[pri:0, instance:com.neracloud.testcases.VerifyUserCreation@3972a855]" started-at="2023-01-05T13:57:09 PKT" name="TC001_VerifyInquiryCreationOfTypePermanent" finished-at="2023-01-05T13:57:59 PKT" duration-ms="49869" status="PASS">
          <reporter-output>
          </reporter-output>
        </test-method> <!-- TC001_VerifyInquiryCreationOfTypePermanent -->
        <test-method is-config="true" signature="tearDown(org.testng.ITestResult)[pri:0, instance:com.neracloud.testcases.VerifyUserCreation@3972a855]" started-at="2023-01-05T13:57:59 PKT" name="tearDown" finished-at="2023-01-05T13:57:59 PKT" duration-ms="205" status="PASS">
          <params>
            <param index="0">
              <value>
                <![CDATA[[TestResult name=TC001_VerifyInquiryCreationOfTypePermanent status=SUCCESS method=VerifyUserCreation.TC001_VerifyInquiryCreationOfTypePermanent()[pri:0, instance:com.neracloud.testcases.VerifyUserCreation@3972a855] output={null}]]]>
              </value>
            </param>
          </params>
          <reporter-output>
          </reporter-output>
        </test-method> <!-- tearDown -->
        <test-method is-config="true" signature="setup()[pri:0, instance:com.neracloud.testcases.VerifyUserCreation@3972a855]" started-at="2023-01-05T13:57:59 PKT" name="setup" finished-at="2023-01-05T13:58:14 PKT" duration-ms="15589" status="PASS">
          <reporter-output>
          </reporter-output>
        </test-method> <!-- setup -->
        <test-method signature="TC002_VerifyAddRepresentativeIntoAlreadyCreatedInquiry()[pri:1, instance:com.neracloud.testcases.VerifyUserCreation@3972a855]" started-at="2023-01-05T13:58:14 PKT" name="TC002_VerifyAddRepresentativeIntoAlreadyCreatedInquiry" finished-at="2023-01-05T13:58:51 PKT" duration-ms="37003" status="PASS">
          <reporter-output>
          </reporter-output>
        </test-method> <!-- TC002_VerifyAddRepresentativeIntoAlreadyCreatedInquiry -->
        <test-method is-config="true" signature="tearDown(org.testng.ITestResult)[pri:0, instance:com.neracloud.testcases.VerifyUserCreation@3972a855]" started-at="2023-01-05T13:58:51 PKT" name="tearDown" finished-at="2023-01-05T13:58:51 PKT" duration-ms="54" status="PASS">
          <params>
            <param index="0">
              <value>
                <![CDATA[[TestResult name=TC002_VerifyAddRepresentativeIntoAlreadyCreatedInquiry status=SUCCESS method=VerifyUserCreation.TC002_VerifyAddRepresentativeIntoAlreadyCreatedInquiry()[pri:1, instance:com.neracloud.testcases.VerifyUserCreation@3972a855] output={null}]]]>
              </value>
            </param>
          </params>
          <reporter-output>
          </reporter-output>
        </test-method> <!-- tearDown -->
        <test-method is-config="true" signature="setup()[pri:0, instance:com.neracloud.testcases.VerifyUserCreation@3972a855]" started-at="2023-01-05T13:58:51 PKT" name="setup" finished-at="2023-01-05T13:59:07 PKT" duration-ms="15225" status="PASS">
          <reporter-output>
          </reporter-output>
        </test-method> <!-- setup -->
        <test-method signature="TC003_VerifyResidentialDetailsFirstNameMiddleNameAndLastNameFromStep1()[pri:2, instance:com.neracloud.testcases.VerifyUserCreation@3972a855]" started-at="2023-01-05T13:59:07 PKT" name="TC003_VerifyResidentialDetailsFirstNameMiddleNameAndLastNameFromStep1" finished-at="2023-01-05T13:59:30 PKT" duration-ms="22925" status="PASS">
          <reporter-output>
          </reporter-output>
        </test-method> <!-- TC003_VerifyResidentialDetailsFirstNameMiddleNameAndLastNameFromStep1 -->
        <test-method is-config="true" signature="tearDown(org.testng.ITestResult)[pri:0, instance:com.neracloud.testcases.VerifyUserCreation@3972a855]" started-at="2023-01-05T13:59:30 PKT" name="tearDown" finished-at="2023-01-05T13:59:46 PKT" duration-ms="16151" status="PASS">
          <params>
            <param index="0">
              <value>
                <![CDATA[[TestResult name=TC003_VerifyResidentialDetailsFirstNameMiddleNameAndLastNameFromStep1 status=SUCCESS method=VerifyUserCreation.TC003_VerifyResidentialDetailsFirstNameMiddleNameAndLastNameFromStep1()[pri:2, instance:com.neracloud.testcases.VerifyUserCreation@3972a855] output={null}]]]>
              </value>
            </param>
          </params>
          <reporter-output>
          </reporter-output>
        </test-method> <!-- tearDown -->
        <test-method is-config="true" signature="setup()[pri:0, instance:com.neracloud.testcases.VerifyUserCreation@3972a855]" started-at="2023-01-05T13:59:46 PKT" name="setup" finished-at="2023-01-05T14:00:01 PKT" duration-ms="15409" status="PASS">
          <reporter-output>
          </reporter-output>
        </test-method> <!-- setup -->
        <test-method signature="TC004_VerifyResidentialDetailsMaritalStatusPrefLanguageAndReligionFromStep1()[pri:3, instance:com.neracloud.testcases.VerifyUserCreation@3972a855]" started-at="2023-01-05T14:00:01 PKT" name="TC004_VerifyResidentialDetailsMaritalStatusPrefLanguageAndReligionFromStep1" finished-at="2023-01-05T14:00:21 PKT" duration-ms="20099" status="PASS">
          <reporter-output>
          </reporter-output>
        </test-method> <!-- TC004_VerifyResidentialDetailsMaritalStatusPrefLanguageAndReligionFromStep1 -->
        <test-method is-config="true" signature="tearDown(org.testng.ITestResult)[pri:0, instance:com.neracloud.testcases.VerifyUserCreation@3972a855]" started-at="2023-01-05T14:00:21 PKT" name="tearDown" finished-at="2023-01-05T14:00:21 PKT" duration-ms="53" status="PASS">
          <params>
            <param index="0">
              <value>
                <![CDATA[[TestResult name=TC004_VerifyResidentialDetailsMaritalStatusPrefLanguageAndReligionFromStep1 status=SUCCESS method=VerifyUserCreation.TC004_VerifyResidentialDetailsMaritalStatusPrefLanguageAndReligionFromStep1()[pri:3, instance:com.neracloud.testcases.VerifyUserCreation@3972a855] output={null}]]]>
              </value>
            </param>
          </params>
          <reporter-output>
          </reporter-output>
        </test-method> <!-- tearDown -->
        <test-method is-config="true" signature="setup()[pri:0, instance:com.neracloud.testcases.VerifyUserCreation@3972a855]" started-at="2023-01-05T14:00:21 PKT" name="setup" finished-at="2023-01-05T14:00:36 PKT" duration-ms="15222" status="PASS">
          <reporter-output>
          </reporter-output>
        </test-method> <!-- setup -->
        <test-method signature="TC005_VerifyDeleteInquiryAfterCreation()[pri:4, instance:com.neracloud.testcases.VerifyUserCreation@3972a855]" started-at="2023-01-05T14:00:36 PKT" name="TC005_VerifyDeleteInquiryAfterCreation" finished-at="2023-01-05T14:00:45 PKT" duration-ms="8733" status="PASS">
          <reporter-output>
          </reporter-output>
        </test-method> <!-- TC005_VerifyDeleteInquiryAfterCreation -->
        <test-method is-config="true" signature="tearDown(org.testng.ITestResult)[pri:0, instance:com.neracloud.testcases.VerifyUserCreation@3972a855]" started-at="2023-01-05T14:00:45 PKT" name="tearDown" finished-at="2023-01-05T14:00:45 PKT" duration-ms="112" status="PASS">
          <params>
            <param index="0">
              <value>
                <![CDATA[[TestResult name=TC005_VerifyDeleteInquiryAfterCreation status=SUCCESS method=VerifyUserCreation.TC005_VerifyDeleteInquiryAfterCreation()[pri:4, instance:com.neracloud.testcases.VerifyUserCreation@3972a855] output={null}]]]>
              </value>
            </param>
          </params>
          <reporter-output>
          </reporter-output>
        </test-method> <!-- tearDown -->
        <test-method is-config="true" signature="endOfSuite()[pri:0, instance:com.neracloud.testcases.VerifyUserCreation@3972a855]" started-at="2023-01-05T14:00:45 PKT" name="endOfSuite" finished-at="2023-01-05T14:00:46 PKT" duration-ms="362" status="PASS">
          <reporter-output>
          </reporter-output>
        </test-method> <!-- endOfSuite -->
      </class> <!-- com.neracloud.testcases.VerifyUserCreation -->
    </test> <!-- Default test -->
  </suite> <!-- Default suite -->
</testng-results>
