<?xml version="1.0" encoding="UTF-8"?>
<testng-results ignored="0" total="1" passed="1" failed="0" skipped="0">
  <reporter-output>
  </reporter-output>
  <suite started-at="2022-12-28T10:10:43 PKT" name="Default suite" finished-at="2022-12-28T10:11:52 PKT" duration-ms="68643">
    <groups>
    </groups>
    <test started-at="2022-12-28T10:10:43 PKT" name="Default test" finished-at="2022-12-28T10:11:52 PKT" duration-ms="68643">
      <class name="com.neracloud.testcases.VerifyUserCreation">
        <test-method is-config="true" signature="setup()[pri:0, instance:com.neracloud.testcases.VerifyUserCreation@2d3379b4]" started-at="2022-12-28T10:10:43 PKT" name="setup" finished-at="2022-12-28T10:11:02 PKT" duration-ms="19179" status="PASS">
          <reporter-output>
          </reporter-output>
        </test-method> <!-- setup -->
        <test-method signature="TC001_VerifyInquiryCreationOfTypePermanent()[pri:1, instance:com.neracloud.testcases.VerifyUserCreation@2d3379b4]" started-at="2022-12-28T10:11:02 PKT" name="TC001_VerifyInquiryCreationOfTypePermanent" finished-at="2022-12-28T10:11:52 PKT" duration-ms="49333" status="PASS">
          <reporter-output>
          </reporter-output>
        </test-method> <!-- TC001_VerifyInquiryCreationOfTypePermanent -->
        <test-method is-config="true" signature="tearDown(org.testng.ITestResult)[pri:0, instance:com.neracloud.testcases.VerifyUserCreation@2d3379b4]" started-at="2022-12-28T10:11:52 PKT" name="tearDown" finished-at="2022-12-28T10:11:52 PKT" duration-ms="101" status="PASS">
          <params>
            <param index="0">
              <value>
                <![CDATA[[TestResult name=TC001_VerifyInquiryCreationOfTypePermanent status=SUCCESS method=VerifyUserCreation.TC001_VerifyInquiryCreationOfTypePermanent()[pri:1, instance:com.neracloud.testcases.VerifyUserCreation@2d3379b4] output={null}]]]>
              </value>
            </param>
          </params>
          <reporter-output>
          </reporter-output>
        </test-method> <!-- tearDown -->
        <test-method is-config="true" signature="endOfSuite()[pri:0, instance:com.neracloud.testcases.VerifyUserCreation@2d3379b4]" started-at="2022-12-28T10:11:52 PKT" name="endOfSuite" finished-at="2022-12-28T10:11:52 PKT" duration-ms="230" status="PASS">
          <reporter-output>
          </reporter-output>
        </test-method> <!-- endOfSuite -->
      </class> <!-- com.neracloud.testcases.VerifyUserCreation -->
    </test> <!-- Default test -->
  </suite> <!-- Default suite -->
</testng-results>
