<?xml version="1.0" encoding="UTF-8"?>
<testng-results ignored="0" total="2" passed="2" failed="0" skipped="0">
  <reporter-output>
  </reporter-output>
  <suite started-at="2022-12-09T10:41:36 PKT" name="Default suite" finished-at="2022-12-09T10:44:37 PKT" duration-ms="180638">
    <groups>
    </groups>
    <test started-at="2022-12-09T10:41:36 PKT" name="Default test" finished-at="2022-12-09T10:44:37 PKT" duration-ms="180638">
      <class name="com.neracloud.testcases.VerifyDocument">
        <test-method signature="TC001_VerifyPermanentAgreementSections()[pri:0, instance:com.neracloud.testcases.VerifyDocument@3349e9bb]" started-at="2022-12-09T10:41:36 PKT" name="TC001_VerifyPermanentAgreementSections" finished-at="2022-12-09T10:43:08 PKT" duration-ms="91810" status="PASS">
          <reporter-output>
          </reporter-output>
        </test-method> <!-- TC001_VerifyPermanentAgreementSections -->
        <test-method signature="TC002_VerifyPermanentExtraAgreementSections()[pri:0, instance:com.neracloud.testcases.VerifyDocument@3349e9bb]" started-at="2022-12-09T10:43:08 PKT" name="TC002_VerifyPermanentExtraAgreementSections" finished-at="2022-12-09T10:44:37 PKT" duration-ms="88792" status="PASS">
          <reporter-output>
          </reporter-output>
        </test-method> <!-- TC002_VerifyPermanentExtraAgreementSections -->
      </class> <!-- com.neracloud.testcases.VerifyDocument -->
    </test> <!-- Default test -->
  </suite> <!-- Default suite -->
</testng-results>
